{"/Users/mikey/social-app/src/Actions.js": {"path":"/Users/mikey/social-app/src/Actions.js","statementMap":{},"fnMap":{},"branchMap":{},"s":{},"f":{},"b":{}}
,"/Users/mikey/social-app/src/App.js": {"path":"/Users/mikey/social-app/src/App.js","statementMap":{"0":{"start":{"line":10,"column":31},"end":{"line":10,"column":32}},"1":{"start":{"line":11,"column":2},"end":{"line":13,"column":3}},"2":{"start":{"line":12,"column":4},"end":{"line":12,"column":61}},"3":{"start":{"line":15,"column":34},"end":{"line":15,"column":76}},"4":{"start":{"line":17,"column":25},"end":{"line":22,"column":3}},"5":{"start":{"line":18,"column":4},"end":{"line":18,"column":74}},"6":{"start":{"line":19,"column":4},"end":{"line":19,"column":29}},"7":{"start":{"line":20,"column":4},"end":{"line":20,"column":44}},"8":{"start":{"line":21,"column":4},"end":{"line":21,"column":23}},"9":{"start":{"line":24,"column":2},"end":{"line":39,"column":4}}},"fnMap":{"0":{"name":"App","decl":{"start":{"line":8,"column":9},"end":{"line":8,"column":12}},"loc":{"start":{"line":8,"column":15},"end":{"line":40,"column":1}},"line":8},"1":{"name":"(anonymous_1)","decl":{"start":{"line":17,"column":25},"end":{"line":17,"column":26}},"loc":{"start":{"line":17,"column":37},"end":{"line":22,"column":3}},"line":17}},"branchMap":{"0":{"loc":{"start":{"line":11,"column":2},"end":{"line":13,"column":3}},"type":"if","locations":[{"start":{"line":11,"column":2},"end":{"line":13,"column":3}},{"start":{"line":11,"column":2},"end":{"line":13,"column":3}}],"line":11}},"s":{"0":0,"1":0,"2":0,"3":0,"4":0,"5":0,"6":0,"7":0,"8":0,"9":0},"f":{"0":0,"1":0},"b":{"0":[0,0]}}
,"/Users/mikey/social-app/src/Reducers.js": {"path":"/Users/mikey/social-app/src/Reducers.js","statementMap":{},"fnMap":{},"branchMap":{},"s":{},"f":{},"b":{}}
,"/Users/mikey/social-app/src/index.js": {"path":"/Users/mikey/social-app/src/index.js","statementMap":{"0":{"start":{"line":7,"column":0},"end":{"line":12,"column":2}}},"fnMap":{},"branchMap":{},"s":{"0":0},"f":{},"b":{}}
,"/Users/mikey/social-app/src/components/common/Common.js": {"path":"/Users/mikey/social-app/src/components/common/Common.js","statementMap":{"0":{"start":{"line":10,"column":15},"end":{"line":105,"column":1}},"1":{"start":{"line":11,"column":24},"end":{"line":11,"column":26}},"2":{"start":{"line":12,"column":4},"end":{"line":14,"column":5}},"3":{"start":{"line":13,"column":8},"end":{"line":13,"column":59}},"4":{"start":{"line":16,"column":36},"end":{"line":16,"column":50}},"5":{"start":{"line":17,"column":40},"end":{"line":17,"column":63}},"6":{"start":{"line":18,"column":48},"end":{"line":18,"column":60}},"7":{"start":{"line":20,"column":28},"end":{"line":22,"column":5}},"8":{"start":{"line":21,"column":8},"end":{"line":21,"column":35}},"9":{"start":{"line":24,"column":27},"end":{"line":26,"column":5}},"10":{"start":{"line":25,"column":8},"end":{"line":25,"column":23}},"11":{"start":{"line":28,"column":33},"end":{"line":28,"column":45}},"12":{"start":{"line":31,"column":4},"end":{"line":37,"column":10}},"13":{"start":{"line":32,"column":25},"end":{"line":35,"column":9}},"14":{"start":{"line":33,"column":32},"end":{"line":33,"column":50}},"15":{"start":{"line":34,"column":12},"end":{"line":34,"column":33}},"16":{"start":{"line":36,"column":8},"end":{"line":36,"column":18}},"17":{"start":{"line":38,"column":23},"end":{"line":42,"column":5}},"18":{"start":{"line":39,"column":20},"end":{"line":39,"column":77}},"19":{"start":{"line":40,"column":21},"end":{"line":40,"column":37}},"20":{"start":{"line":41,"column":8},"end":{"line":41,"column":19}},"21":{"start":{"line":44,"column":34},"end":{"line":46,"column":5}},"22":{"start":{"line":45,"column":8},"end":{"line":45,"column":41}},"23":{"start":{"line":47,"column":34},"end":{"line":51,"column":5}},"24":{"start":{"line":48,"column":8},"end":{"line":48,"column":37}},"25":{"start":{"line":49,"column":8},"end":{"line":49,"column":58}},"26":{"start":{"line":50,"column":8},"end":{"line":50,"column":29}},"27":{"start":{"line":52,"column":25},"end":{"line":62,"column":5}},"28":{"start":{"line":53,"column":28},"end":{"line":58,"column":9}},"29":{"start":{"line":59,"column":23},"end":{"line":59,"column":28}},"30":{"start":{"line":60,"column":8},"end":{"line":60,"column":48}},"31":{"start":{"line":61,"column":8},"end":{"line":61,"column":23}},"32":{"start":{"line":64,"column":4},"end":{"line":104,"column":5}}},"fnMap":{"0":{"name":"(anonymous_0)","decl":{"start":{"line":10,"column":15},"end":{"line":10,"column":16}},"loc":{"start":{"line":10,"column":40},"end":{"line":105,"column":1}},"line":10},"1":{"name":"(anonymous_1)","decl":{"start":{"line":20,"column":28},"end":{"line":20,"column":29}},"loc":{"start":{"line":20,"column":35},"end":{"line":22,"column":5}},"line":20},"2":{"name":"(anonymous_2)","decl":{"start":{"line":24,"column":27},"end":{"line":24,"column":28}},"loc":{"start":{"line":24,"column":33},"end":{"line":26,"column":5}},"line":24},"3":{"name":"(anonymous_3)","decl":{"start":{"line":31,"column":14},"end":{"line":31,"column":15}},"loc":{"start":{"line":31,"column":20},"end":{"line":37,"column":5}},"line":31},"4":{"name":"(anonymous_4)","decl":{"start":{"line":32,"column":25},"end":{"line":32,"column":26}},"loc":{"start":{"line":32,"column":37},"end":{"line":35,"column":9}},"line":32},"5":{"name":"(anonymous_5)","decl":{"start":{"line":38,"column":23},"end":{"line":38,"column":24}},"loc":{"start":{"line":38,"column":34},"end":{"line":42,"column":5}},"line":38},"6":{"name":"(anonymous_6)","decl":{"start":{"line":44,"column":34},"end":{"line":44,"column":35}},"loc":{"start":{"line":44,"column":41},"end":{"line":46,"column":5}},"line":44},"7":{"name":"(anonymous_7)","decl":{"start":{"line":47,"column":34},"end":{"line":47,"column":35}},"loc":{"start":{"line":47,"column":41},"end":{"line":51,"column":5}},"line":47},"8":{"name":"(anonymous_8)","decl":{"start":{"line":52,"column":25},"end":{"line":52,"column":26}},"loc":{"start":{"line":52,"column":31},"end":{"line":62,"column":5}},"line":52}},"branchMap":{"0":{"loc":{"start":{"line":12,"column":4},"end":{"line":14,"column":5}},"type":"if","locations":[{"start":{"line":12,"column":4},"end":{"line":14,"column":5}},{"start":{"line":12,"column":4},"end":{"line":14,"column":5}}],"line":12},"1":{"loc":{"start":{"line":69,"column":40},"end":{"line":69,"column":110}},"type":"cond-expr","locations":[{"start":{"line":69,"column":72},"end":{"line":69,"column":103}},{"start":{"line":69,"column":106},"end":{"line":69,"column":110}}],"line":69},"2":{"loc":{"start":{"line":69,"column":40},"end":{"line":69,"column":70}},"type":"binary-expr","locations":[{"start":{"line":69,"column":40},"end":{"line":69,"column":51}},{"start":{"line":69,"column":55},"end":{"line":69,"column":70}}],"line":69}},"s":{"0":1,"1":0,"2":0,"3":0,"4":0,"5":0,"6":0,"7":0,"8":0,"9":0,"10":0,"11":0,"12":0,"13":0,"14":0,"15":0,"16":0,"17":0,"18":0,"19":0,"20":0,"21":0,"22":0,"23":0,"24":0,"25":0,"26":0,"27":0,"28":0,"29":0,"30":0,"31":0,"32":0},"f":{"0":0,"1":0,"2":0,"3":0,"4":0,"5":0,"6":0,"7":0,"8":0},"b":{"0":[0,0],"1":[0,0],"2":[0,0]},"_coverageSchema":"1a1c01bbd47fc00a2c39e90264f33305004495a9","hash":"60f3844941d41759915bd87e76e739a75f9c3ca4"}
,"/Users/mikey/social-app/src/components/feed/Feed.js": {"path":"/Users/mikey/social-app/src/components/feed/Feed.js","statementMap":{"0":{"start":{"line":8,"column":13},"end":{"line":71,"column":1}},"1":{"start":{"line":9,"column":30},"end":{"line":9,"column":42}},"2":{"start":{"line":11,"column":4},"end":{"line":50,"column":22}},"3":{"start":{"line":12,"column":25},"end":{"line":48,"column":9}},"4":{"start":{"line":13,"column":32},"end":{"line":13,"column":50}},"5":{"start":{"line":15,"column":12},"end":{"line":47,"column":13}},"6":{"start":{"line":16,"column":16},"end":{"line":16,"column":73}},"7":{"start":{"line":17,"column":16},"end":{"line":17,"column":64}},"8":{"start":{"line":18,"column":44},"end":{"line":18,"column":103}},"9":{"start":{"line":18,"column":74},"end":{"line":18,"column":101}},"10":{"start":{"line":19,"column":16},"end":{"line":19,"column":45}},"11":{"start":{"line":22,"column":16},"end":{"line":22,"column":91}},"12":{"start":{"line":25,"column":16},"end":{"line":46,"column":17}},"13":{"start":{"line":26,"column":20},"end":{"line":26,"column":53}},"14":{"start":{"line":27,"column":40},"end":{"line":27,"column":42}},"15":{"start":{"line":28,"column":20},"end":{"line":33,"column":21}},"16":{"start":{"line":29,"column":35},"end":{"line":29,"column":77}},"17":{"start":{"line":30,"column":24},"end":{"line":30,"column":41}},"18":{"start":{"line":31,"column":24},"end":{"line":31,"column":59}},"19":{"start":{"line":31,"column":46},"end":{"line":31,"column":57}},"20":{"start":{"line":32,"column":24},"end":{"line":32,"column":69}},"21":{"start":{"line":35,"column":20},"end":{"line":35,"column":46}},"22":{"start":{"line":36,"column":48},"end":{"line":36,"column":169}},"23":{"start":{"line":36,"column":78},"end":{"line":36,"column":167}},"24":{"start":{"line":37,"column":20},"end":{"line":37,"column":49}},"25":{"start":{"line":40,"column":20},"end":{"line":40,"column":37}},"26":{"start":{"line":41,"column":20},"end":{"line":41,"column":46}},"27":{"start":{"line":42,"column":39},"end":{"line":42,"column":71}},"28":{"start":{"line":42,"column":65},"end":{"line":42,"column":69}},"29":{"start":{"line":43,"column":20},"end":{"line":43,"column":45}},"30":{"start":{"line":44,"column":48},"end":{"line":44,"column":168}},"31":{"start":{"line":44,"column":78},"end":{"line":44,"column":166}},"32":{"start":{"line":45,"column":20},"end":{"line":45,"column":49}},"33":{"start":{"line":49,"column":8},"end":{"line":49,"column":18}},"34":{"start":{"line":51,"column":23},"end":{"line":55,"column":5}},"35":{"start":{"line":52,"column":20},"end":{"line":52,"column":77}},"36":{"start":{"line":53,"column":21},"end":{"line":53,"column":37}},"37":{"start":{"line":54,"column":8},"end":{"line":54,"column":19}},"38":{"start":{"line":57,"column":23},"end":{"line":59,"column":5}},"39":{"start":{"line":58,"column":8},"end":{"line":58,"column":34}},"40":{"start":{"line":61,"column":4},"end":{"line":70,"column":5}},"41":{"start":{"line":66,"column":19},"end":{"line":66,"column":53}}},"fnMap":{"0":{"name":"(anonymous_0)","decl":{"start":{"line":8,"column":13},"end":{"line":8,"column":14}},"loc":{"start":{"line":8,"column":24},"end":{"line":71,"column":1}},"line":8},"1":{"name":"(anonymous_1)","decl":{"start":{"line":11,"column":14},"end":{"line":11,"column":15}},"loc":{"start":{"line":11,"column":20},"end":{"line":50,"column":5}},"line":11},"2":{"name":"(anonymous_2)","decl":{"start":{"line":12,"column":25},"end":{"line":12,"column":26}},"loc":{"start":{"line":12,"column":37},"end":{"line":48,"column":9}},"line":12},"3":{"name":"(anonymous_3)","decl":{"start":{"line":18,"column":63},"end":{"line":18,"column":64}},"loc":{"start":{"line":18,"column":74},"end":{"line":18,"column":101}},"line":18},"4":{"name":"(anonymous_4)","decl":{"start":{"line":31,"column":40},"end":{"line":31,"column":41}},"loc":{"start":{"line":31,"column":46},"end":{"line":31,"column":57}},"line":31},"5":{"name":"(anonymous_5)","decl":{"start":{"line":36,"column":67},"end":{"line":36,"column":68}},"loc":{"start":{"line":36,"column":78},"end":{"line":36,"column":167}},"line":36},"6":{"name":"(anonymous_6)","decl":{"start":{"line":42,"column":57},"end":{"line":42,"column":58}},"loc":{"start":{"line":42,"column":65},"end":{"line":42,"column":69}},"line":42},"7":{"name":"(anonymous_7)","decl":{"start":{"line":44,"column":67},"end":{"line":44,"column":68}},"loc":{"start":{"line":44,"column":78},"end":{"line":44,"column":166}},"line":44},"8":{"name":"(anonymous_8)","decl":{"start":{"line":51,"column":23},"end":{"line":51,"column":24}},"loc":{"start":{"line":51,"column":34},"end":{"line":55,"column":5}},"line":51},"9":{"name":"(anonymous_9)","decl":{"start":{"line":57,"column":23},"end":{"line":57,"column":24}},"loc":{"start":{"line":57,"column":45},"end":{"line":59,"column":5}},"line":57},"10":{"name":"(anonymous_10)","decl":{"start":{"line":65,"column":28},"end":{"line":65,"column":29}},"loc":{"start":{"line":66,"column":19},"end":{"line":66,"column":53}},"line":66}},"branchMap":{"0":{"loc":{"start":{"line":15,"column":12},"end":{"line":47,"column":13}},"type":"if","locations":[{"start":{"line":15,"column":12},"end":{"line":47,"column":13}},{"start":{"line":15,"column":12},"end":{"line":47,"column":13}}],"line":15},"1":{"loc":{"start":{"line":25,"column":16},"end":{"line":46,"column":17}},"type":"if","locations":[{"start":{"line":25,"column":16},"end":{"line":46,"column":17}},{"start":{"line":25,"column":16},"end":{"line":46,"column":17}}],"line":25},"2":{"loc":{"start":{"line":28,"column":20},"end":{"line":33,"column":21}},"type":"if","locations":[{"start":{"line":28,"column":20},"end":{"line":33,"column":21}},{"start":{"line":28,"column":20},"end":{"line":33,"column":21}}],"line":28},"3":{"loc":{"start":{"line":36,"column":78},"end":{"line":36,"column":167}},"type":"binary-expr","locations":[{"start":{"line":36,"column":78},"end":{"line":36,"column":118}},{"start":{"line":36,"column":122},"end":{"line":36,"column":167}}],"line":36},"4":{"loc":{"start":{"line":44,"column":78},"end":{"line":44,"column":166}},"type":"binary-expr","locations":[{"start":{"line":44,"column":78},"end":{"line":44,"column":118}},{"start":{"line":44,"column":122},"end":{"line":44,"column":166}}],"line":44}},"s":{"0":1,"1":1,"2":1,"3":0,"4":0,"5":0,"6":0,"7":0,"8":0,"9":0,"10":0,"11":0,"12":0,"13":0,"14":0,"15":0,"16":0,"17":0,"18":0,"19":0,"20":0,"21":0,"22":0,"23":0,"24":0,"25":0,"26":0,"27":0,"28":0,"29":0,"30":0,"31":0,"32":0,"33":0,"34":1,"35":0,"36":0,"37":0,"38":1,"39":0,"40":1,"41":0},"f":{"0":1,"1":0,"2":0,"3":0,"4":0,"5":0,"6":0,"7":0,"8":0,"9":0,"10":0},"b":{"0":[0,0],"1":[0,0],"2":[0,0],"3":[0,0],"4":[0,0]},"_coverageSchema":"1a1c01bbd47fc00a2c39e90264f33305004495a9","hash":"9cd2fe494cda3f19a221183eb12c6bddff9d36c8"}
,"/Users/mikey/social-app/src/components/post/Post.js": {"path":"/Users/mikey/social-app/src/components/post/Post.js","statementMap":{"0":{"start":{"line":11,"column":4},"end":{"line":44,"column":5}}},"fnMap":{"0":{"name":"Post","decl":{"start":{"line":9,"column":24},"end":{"line":9,"column":28}},"loc":{"start":{"line":9,"column":36},"end":{"line":45,"column":1}},"line":9}},"branchMap":{"0":{"loc":{"start":{"line":27,"column":48},"end":{"line":27,"column":81}},"type":"cond-expr","locations":[{"start":{"line":27,"column":61},"end":{"line":27,"column":77}},{"start":{"line":27,"column":79},"end":{"line":27,"column":81}}],"line":27}},"s":{"0":0},"f":{"0":0},"b":{"0":[0,0]},"_coverageSchema":"1a1c01bbd47fc00a2c39e90264f33305004495a9","hash":"b0bd41068514cddbb6c024685898b81a00167e0d"}
,"/Users/mikey/social-app/src/components/rightbar/Rightbar.js": {"path":"/Users/mikey/social-app/src/components/rightbar/Rightbar.js","statementMap":{"0":{"start":{"line":5,"column":17},"end":{"line":72,"column":1}},"1":{"start":{"line":7,"column":54},"end":{"line":7,"column":84}},"2":{"start":{"line":10,"column":4},"end":{"line":16,"column":6}},"3":{"start":{"line":11,"column":40},"end":{"line":14,"column":9}},"4":{"start":{"line":12,"column":44},"end":{"line":12,"column":70}},"5":{"start":{"line":13,"column":12},"end":{"line":13,"column":57}},"6":{"start":{"line":15,"column":8},"end":{"line":15,"column":33}},"7":{"start":{"line":17,"column":31},"end":{"line":21,"column":5}},"8":{"start":{"line":18,"column":20},"end":{"line":18,"column":77}},"9":{"start":{"line":19,"column":21},"end":{"line":19,"column":37}},"10":{"start":{"line":20,"column":8},"end":{"line":20,"column":19}},"11":{"start":{"line":24,"column":4},"end":{"line":71,"column":5}}},"fnMap":{"0":{"name":"(anonymous_0)","decl":{"start":{"line":5,"column":17},"end":{"line":5,"column":18}},"loc":{"start":{"line":5,"column":23},"end":{"line":72,"column":1}},"line":5},"1":{"name":"(anonymous_1)","decl":{"start":{"line":10,"column":14},"end":{"line":10,"column":15}},"loc":{"start":{"line":10,"column":20},"end":{"line":16,"column":5}},"line":10},"2":{"name":"(anonymous_2)","decl":{"start":{"line":11,"column":40},"end":{"line":11,"column":41}},"loc":{"start":{"line":11,"column":52},"end":{"line":14,"column":9}},"line":11},"3":{"name":"(anonymous_3)","decl":{"start":{"line":17,"column":31},"end":{"line":17,"column":32}},"loc":{"start":{"line":17,"column":42},"end":{"line":21,"column":5}},"line":17}},"branchMap":{"0":{"loc":{"start":{"line":35,"column":61},"end":{"line":35,"column":117}},"type":"cond-expr","locations":[{"start":{"line":35,"column":87},"end":{"line":35,"column":112}},{"start":{"line":35,"column":115},"end":{"line":35,"column":117}}],"line":35},"1":{"loc":{"start":{"line":43,"column":61},"end":{"line":43,"column":116}},"type":"cond-expr","locations":[{"start":{"line":43,"column":87},"end":{"line":43,"column":112}},{"start":{"line":43,"column":114},"end":{"line":43,"column":116}}],"line":43},"2":{"loc":{"start":{"line":50,"column":61},"end":{"line":50,"column":116}},"type":"cond-expr","locations":[{"start":{"line":50,"column":87},"end":{"line":50,"column":112}},{"start":{"line":50,"column":114},"end":{"line":50,"column":116}}],"line":50},"3":{"loc":{"start":{"line":57,"column":61},"end":{"line":57,"column":116}},"type":"cond-expr","locations":[{"start":{"line":57,"column":87},"end":{"line":57,"column":112}},{"start":{"line":57,"column":114},"end":{"line":57,"column":116}}],"line":57},"4":{"loc":{"start":{"line":64,"column":61},"end":{"line":64,"column":116}},"type":"cond-expr","locations":[{"start":{"line":64,"column":87},"end":{"line":64,"column":112}},{"start":{"line":64,"column":114},"end":{"line":64,"column":116}}],"line":64}},"s":{"0":0,"1":0,"2":0,"3":0,"4":0,"5":0,"6":0,"7":0,"8":0,"9":0,"10":0,"11":0},"f":{"0":0,"1":0,"2":0,"3":0},"b":{"0":[0,0],"1":[0,0],"2":[0,0],"3":[0,0],"4":[0,0]}}
,"/Users/mikey/social-app/src/components/sidebar/FriendsList.js": {"path":"/Users/mikey/social-app/src/components/sidebar/FriendsList.js","statementMap":{"0":{"start":{"line":9,"column":20},"end":{"line":23,"column":1}},"1":{"start":{"line":11,"column":4},"end":{"line":22,"column":9}},"2":{"start":{"line":14,"column":20},"end":{"line":20,"column":25}}},"fnMap":{"0":{"name":"(anonymous_0)","decl":{"start":{"line":9,"column":20},"end":{"line":9,"column":21}},"loc":{"start":{"line":9,"column":31},"end":{"line":23,"column":1}},"line":9},"1":{"name":"(anonymous_1)","decl":{"start":{"line":13,"column":35},"end":{"line":13,"column":36}},"loc":{"start":{"line":14,"column":20},"end":{"line":20,"column":25}},"line":14}},"branchMap":{},"s":{"0":1,"1":1,"2":0},"f":{"0":1,"1":0},"b":{},"_coverageSchema":"1a1c01bbd47fc00a2c39e90264f33305004495a9","hash":"b1cff81e66b96b604d149d1539ff8cc645e6ac93"}
,"/Users/mikey/social-app/src/components/sidebar/Sidebar.js": {"path":"/Users/mikey/social-app/src/components/sidebar/Sidebar.js","statementMap":{"0":{"start":{"line":11,"column":16},"end":{"line":59,"column":1}},"1":{"start":{"line":13,"column":20},"end":{"line":13,"column":32}},"2":{"start":{"line":14,"column":62},"end":{"line":14,"column":74}},"3":{"start":{"line":15,"column":38},"end":{"line":15,"column":50}},"4":{"start":{"line":17,"column":24},"end":{"line":26,"column":5}},"5":{"start":{"line":18,"column":8},"end":{"line":25,"column":9}},"6":{"start":{"line":19,"column":23},"end":{"line":19,"column":30}},"7":{"start":{"line":20,"column":12},"end":{"line":20,"column":31}},"8":{"start":{"line":22,"column":13},"end":{"line":25,"column":9}},"9":{"start":{"line":23,"column":23},"end":{"line":23,"column":33}},"10":{"start":{"line":24,"column":12},"end":{"line":24,"column":31}},"11":{"start":{"line":28,"column":24},"end":{"line":31,"column":5}},"12":{"start":{"line":29,"column":8},"end":{"line":29,"column":48}},"13":{"start":{"line":30,"column":8},"end":{"line":30,"column":42}},"14":{"start":{"line":33,"column":28},"end":{"line":37,"column":5}},"15":{"start":{"line":34,"column":8},"end":{"line":34,"column":43}},"16":{"start":{"line":35,"column":8},"end":{"line":35,"column":30}},"17":{"start":{"line":36,"column":8},"end":{"line":36,"column":40}},"18":{"start":{"line":39,"column":4},"end":{"line":58,"column":5}}},"fnMap":{"0":{"name":"(anonymous_0)","decl":{"start":{"line":11,"column":16},"end":{"line":11,"column":17}},"loc":{"start":{"line":11,"column":27},"end":{"line":59,"column":1}},"line":11},"1":{"name":"(anonymous_1)","decl":{"start":{"line":17,"column":24},"end":{"line":17,"column":25}},"loc":{"start":{"line":17,"column":31},"end":{"line":26,"column":5}},"line":17},"2":{"name":"(anonymous_2)","decl":{"start":{"line":28,"column":24},"end":{"line":28,"column":25}},"loc":{"start":{"line":28,"column":31},"end":{"line":31,"column":5}},"line":28},"3":{"name":"(anonymous_3)","decl":{"start":{"line":33,"column":28},"end":{"line":33,"column":29}},"loc":{"start":{"line":33,"column":34},"end":{"line":37,"column":5}},"line":33}},"branchMap":{"0":{"loc":{"start":{"line":18,"column":8},"end":{"line":25,"column":9}},"type":"if","locations":[{"start":{"line":18,"column":8},"end":{"line":25,"column":9}},{"start":{"line":18,"column":8},"end":{"line":25,"column":9}}],"line":18},"1":{"loc":{"start":{"line":22,"column":13},"end":{"line":25,"column":9}},"type":"if","locations":[{"start":{"line":22,"column":13},"end":{"line":25,"column":9}},{"start":{"line":22,"column":13},"end":{"line":25,"column":9}}],"line":22}},"s":{"0":0,"1":0,"2":0,"3":0,"4":0,"5":0,"6":0,"7":0,"8":0,"9":0,"10":0,"11":0,"12":0,"13":0,"14":0,"15":0,"16":0,"17":0,"18":0},"f":{"0":0,"1":0,"2":0,"3":0},"b":{"0":[0,0],"1":[0,0]}}
,"/Users/mikey/social-app/src/components/topbar/Topbar.js": {"path":"/Users/mikey/social-app/src/components/topbar/Topbar.js","statementMap":{"0":{"start":{"line":10,"column":15},"end":{"line":66,"column":1}},"1":{"start":{"line":12,"column":20},"end":{"line":12,"column":32}},"2":{"start":{"line":14,"column":24},"end":{"line":29,"column":5}},"3":{"start":{"line":15,"column":8},"end":{"line":28,"column":9}},"4":{"start":{"line":16,"column":23},"end":{"line":16,"column":33}},"5":{"start":{"line":17,"column":12},"end":{"line":17,"column":31}},"6":{"start":{"line":19,"column":13},"end":{"line":28,"column":9}},"7":{"start":{"line":20,"column":23},"end":{"line":20,"column":30}},"8":{"start":{"line":21,"column":12},"end":{"line":21,"column":31}},"9":{"start":{"line":23,"column":13},"end":{"line":28,"column":9}},"10":{"start":{"line":24,"column":12},"end":{"line":24,"column":32}},"11":{"start":{"line":25,"column":12},"end":{"line":25,"column":34}},"12":{"start":{"line":26,"column":23},"end":{"line":26,"column":26}},"13":{"start":{"line":27,"column":12},"end":{"line":27,"column":30}},"14":{"start":{"line":31,"column":4},"end":{"line":65,"column":5}},"15":{"start":{"line":44,"column":75},"end":{"line":44,"column":89}},"16":{"start":{"line":45,"column":76},"end":{"line":45,"column":90}},"17":{"start":{"line":46,"column":76},"end":{"line":46,"column":90}}},"fnMap":{"0":{"name":"(anonymous_0)","decl":{"start":{"line":10,"column":15},"end":{"line":10,"column":16}},"loc":{"start":{"line":10,"column":26},"end":{"line":66,"column":1}},"line":10},"1":{"name":"(anonymous_1)","decl":{"start":{"line":14,"column":24},"end":{"line":14,"column":25}},"loc":{"start":{"line":14,"column":31},"end":{"line":29,"column":5}},"line":14},"2":{"name":"(anonymous_2)","decl":{"start":{"line":44,"column":68},"end":{"line":44,"column":69}},"loc":{"start":{"line":44,"column":75},"end":{"line":44,"column":89}},"line":44},"3":{"name":"(anonymous_3)","decl":{"start":{"line":45,"column":69},"end":{"line":45,"column":70}},"loc":{"start":{"line":45,"column":76},"end":{"line":45,"column":90}},"line":45},"4":{"name":"(anonymous_4)","decl":{"start":{"line":46,"column":69},"end":{"line":46,"column":70}},"loc":{"start":{"line":46,"column":76},"end":{"line":46,"column":90}},"line":46}},"branchMap":{"0":{"loc":{"start":{"line":15,"column":8},"end":{"line":28,"column":9}},"type":"if","locations":[{"start":{"line":15,"column":8},"end":{"line":28,"column":9}},{"start":{"line":15,"column":8},"end":{"line":28,"column":9}}],"line":15},"1":{"loc":{"start":{"line":19,"column":13},"end":{"line":28,"column":9}},"type":"if","locations":[{"start":{"line":19,"column":13},"end":{"line":28,"column":9}},{"start":{"line":19,"column":13},"end":{"line":28,"column":9}}],"line":19},"2":{"loc":{"start":{"line":23,"column":13},"end":{"line":28,"column":9}},"type":"if","locations":[{"start":{"line":23,"column":13},"end":{"line":28,"column":9}},{"start":{"line":23,"column":13},"end":{"line":28,"column":9}}],"line":23}},"s":{"0":1,"1":1,"2":1,"3":1,"4":0,"5":0,"6":0,"7":0,"8":0,"9":0,"10":0,"11":0,"12":0,"13":0,"14":1,"15":0,"16":0,"17":1},"f":{"0":1,"1":1,"2":0,"3":0,"4":1},"b":{"0":[0,0],"1":[0,0],"2":[0,0]},"_coverageSchema":"1a1c01bbd47fc00a2c39e90264f33305004495a9","hash":"8a1bfe15edbde3751337207ec61a3c8d3233b1b0"}
,"/Users/mikey/social-app/src/pages/home/Home.js": {"path":"/Users/mikey/social-app/src/pages/home/Home.js","statementMap":{"0":{"start":{"line":10,"column":13},"end":{"line":77,"column":1}},"1":{"start":{"line":12,"column":35},"end":{"line":12,"column":48}},"2":{"start":{"line":13,"column":37},"end":{"line":13,"column":69}},"3":{"start":{"line":15,"column":4},"end":{"line":34,"column":10}},"4":{"start":{"line":16,"column":27},"end":{"line":32,"column":9}},"5":{"start":{"line":17,"column":32},"end":{"line":17,"column":52}},"6":{"start":{"line":18,"column":12},"end":{"line":24,"column":13}},"7":{"start":{"line":19,"column":16},"end":{"line":19,"column":41}},"8":{"start":{"line":20,"column":37},"end":{"line":20,"column":79}},"9":{"start":{"line":21,"column":16},"end":{"line":21,"column":71}},"10":{"start":{"line":21,"column":58},"end":{"line":21,"column":69}},"11":{"start":{"line":22,"column":16},"end":{"line":22,"column":43}},"12":{"start":{"line":23,"column":16},"end":{"line":23,"column":88}},"13":{"start":{"line":23,"column":58},"end":{"line":23,"column":87}},"14":{"start":{"line":26,"column":12},"end":{"line":26,"column":61}},"15":{"start":{"line":27,"column":12},"end":{"line":27,"column":37}},"16":{"start":{"line":28,"column":32},"end":{"line":28,"column":62}},"17":{"start":{"line":28,"column":56},"end":{"line":28,"column":60}},"18":{"start":{"line":29,"column":12},"end":{"line":29,"column":38}},"19":{"start":{"line":30,"column":12},"end":{"line":30,"column":58}},"20":{"start":{"line":31,"column":12},"end":{"line":31,"column":37}},"21":{"start":{"line":33,"column":8},"end":{"line":33,"column":20}},"22":{"start":{"line":35,"column":25},"end":{"line":39,"column":5}},"23":{"start":{"line":36,"column":20},"end":{"line":36,"column":77}},"24":{"start":{"line":37,"column":21},"end":{"line":37,"column":37}},"25":{"start":{"line":38,"column":8},"end":{"line":38,"column":19}},"26":{"start":{"line":41,"column":33},"end":{"line":51,"column":5}},"27":{"start":{"line":42,"column":19},"end":{"line":42,"column":84}},"28":{"start":{"line":42,"column":50},"end":{"line":42,"column":83}},"29":{"start":{"line":43,"column":8},"end":{"line":43,"column":78}},"30":{"start":{"line":46,"column":20},"end":{"line":46,"column":57}},"31":{"start":{"line":46,"column":46},"end":{"line":46,"column":55}},"32":{"start":{"line":47,"column":8},"end":{"line":47,"column":62}},"33":{"start":{"line":47,"column":36},"end":{"line":47,"column":61}},"34":{"start":{"line":48,"column":8},"end":{"line":48,"column":46}},"35":{"start":{"line":49,"column":8},"end":{"line":49,"column":24}},"36":{"start":{"line":50,"column":8},"end":{"line":50,"column":31}},"37":{"start":{"line":53,"column":28},"end":{"line":58,"column":5}},"38":{"start":{"line":54,"column":24},"end":{"line":54,"column":72}},"39":{"start":{"line":55,"column":29},"end":{"line":55,"column":55}},"40":{"start":{"line":56,"column":8},"end":{"line":56,"column":35}},"41":{"start":{"line":57,"column":8},"end":{"line":57,"column":34}},"42":{"start":{"line":60,"column":27},"end":{"line":65,"column":5}},"43":{"start":{"line":61,"column":23},"end":{"line":61,"column":133}},"44":{"start":{"line":61,"column":42},"end":{"line":61,"column":131}},"45":{"start":{"line":62,"column":8},"end":{"line":62,"column":29}},"46":{"start":{"line":63,"column":8},"end":{"line":63,"column":28}},"47":{"start":{"line":64,"column":8},"end":{"line":64,"column":31}},"48":{"start":{"line":67,"column":4},"end":{"line":76,"column":5}}},"fnMap":{"0":{"name":"(anonymous_0)","decl":{"start":{"line":10,"column":13},"end":{"line":10,"column":14}},"loc":{"start":{"line":10,"column":24},"end":{"line":77,"column":1}},"line":10},"1":{"name":"(anonymous_1)","decl":{"start":{"line":15,"column":14},"end":{"line":15,"column":15}},"loc":{"start":{"line":15,"column":20},"end":{"line":34,"column":5}},"line":15},"2":{"name":"(anonymous_2)","decl":{"start":{"line":16,"column":27},"end":{"line":16,"column":28}},"loc":{"start":{"line":16,"column":39},"end":{"line":32,"column":9}},"line":16},"3":{"name":"(anonymous_3)","decl":{"start":{"line":21,"column":52},"end":{"line":21,"column":53}},"loc":{"start":{"line":21,"column":58},"end":{"line":21,"column":69}},"line":21},"4":{"name":"(anonymous_4)","decl":{"start":{"line":23,"column":53},"end":{"line":23,"column":54}},"loc":{"start":{"line":23,"column":58},"end":{"line":23,"column":87}},"line":23},"5":{"name":"(anonymous_5)","decl":{"start":{"line":28,"column":50},"end":{"line":28,"column":51}},"loc":{"start":{"line":28,"column":56},"end":{"line":28,"column":60}},"line":28},"6":{"name":"(anonymous_6)","decl":{"start":{"line":35,"column":25},"end":{"line":35,"column":26}},"loc":{"start":{"line":35,"column":36},"end":{"line":39,"column":5}},"line":35},"7":{"name":"(anonymous_7)","decl":{"start":{"line":41,"column":33},"end":{"line":41,"column":34}},"loc":{"start":{"line":41,"column":40},"end":{"line":51,"column":5}},"line":41},"8":{"name":"(anonymous_8)","decl":{"start":{"line":42,"column":38},"end":{"line":42,"column":39}},"loc":{"start":{"line":42,"column":50},"end":{"line":42,"column":83}},"line":42},"9":{"name":"(anonymous_9)","decl":{"start":{"line":46,"column":35},"end":{"line":46,"column":36}},"loc":{"start":{"line":46,"column":46},"end":{"line":46,"column":55}},"line":46},"10":{"name":"(anonymous_10)","decl":{"start":{"line":47,"column":29},"end":{"line":47,"column":30}},"loc":{"start":{"line":47,"column":36},"end":{"line":47,"column":61}},"line":47},"11":{"name":"(anonymous_11)","decl":{"start":{"line":53,"column":28},"end":{"line":53,"column":29}},"loc":{"start":{"line":53,"column":35},"end":{"line":58,"column":5}},"line":53},"12":{"name":"(anonymous_12)","decl":{"start":{"line":60,"column":27},"end":{"line":60,"column":28}},"loc":{"start":{"line":60,"column":38},"end":{"line":65,"column":5}},"line":60},"13":{"name":"(anonymous_13)","decl":{"start":{"line":61,"column":33},"end":{"line":61,"column":34}},"loc":{"start":{"line":61,"column":42},"end":{"line":61,"column":131}},"line":61}},"branchMap":{"0":{"loc":{"start":{"line":18,"column":12},"end":{"line":24,"column":13}},"type":"if","locations":[{"start":{"line":18,"column":12},"end":{"line":24,"column":13}},{"start":{"line":18,"column":12},"end":{"line":24,"column":13}}],"line":18}},"s":{"0":0,"1":0,"2":0,"3":0,"4":0,"5":0,"6":0,"7":0,"8":0,"9":0,"10":0,"11":0,"12":0,"13":0,"14":0,"15":0,"16":0,"17":0,"18":0,"19":0,"20":0,"21":0,"22":0,"23":0,"24":0,"25":0,"26":0,"27":0,"28":0,"29":0,"30":0,"31":0,"32":0,"33":0,"34":0,"35":0,"36":0,"37":0,"38":0,"39":0,"40":0,"41":0,"42":0,"43":0,"44":0,"45":0,"46":0,"47":0,"48":0},"f":{"0":0,"1":0,"2":0,"3":0,"4":0,"5":0,"6":0,"7":0,"8":0,"9":0,"10":0,"11":0,"12":0,"13":0},"b":{"0":[0,0]}}
,"/Users/mikey/social-app/src/pages/login/Login.js": {"path":"/Users/mikey/social-app/src/pages/login/Login.js","statementMap":{"0":{"start":{"line":7,"column":14},"end":{"line":109,"column":1}},"1":{"start":{"line":8,"column":52},"end":{"line":8,"column":64}},"2":{"start":{"line":9,"column":40},"end":{"line":9,"column":55}},"3":{"start":{"line":11,"column":4},"end":{"line":18,"column":10}},"4":{"start":{"line":12,"column":36},"end":{"line":16,"column":9}},"5":{"start":{"line":13,"column":43},"end":{"line":13,"column":73}},"6":{"start":{"line":14,"column":12},"end":{"line":14,"column":55}},"7":{"start":{"line":17,"column":8},"end":{"line":17,"column":29}},"8":{"start":{"line":19,"column":35},"end":{"line":23,"column":5}},"9":{"start":{"line":20,"column":20},"end":{"line":20,"column":77}},"10":{"start":{"line":21,"column":21},"end":{"line":21,"column":37}},"11":{"start":{"line":22,"column":8},"end":{"line":22,"column":19}},"12":{"start":{"line":26,"column":20},"end":{"line":26,"column":32}},"13":{"start":{"line":27,"column":36},"end":{"line":27,"column":48}},"14":{"start":{"line":28,"column":44},"end":{"line":28,"column":56}},"15":{"start":{"line":30,"column":32},"end":{"line":32,"column":5}},"16":{"start":{"line":31,"column":8},"end":{"line":31,"column":35}},"17":{"start":{"line":33,"column":36},"end":{"line":35,"column":5}},"18":{"start":{"line":34,"column":8},"end":{"line":34,"column":39}},"19":{"start":{"line":36,"column":25},"end":{"line":71,"column":5}},"20":{"start":{"line":38,"column":35},"end":{"line":38,"column":37}},"21":{"start":{"line":39,"column":38},"end":{"line":39,"column":40}},"22":{"start":{"line":40,"column":8},"end":{"line":40,"column":80}},"23":{"start":{"line":40,"column":64},"end":{"line":40,"column":77}},"24":{"start":{"line":41,"column":8},"end":{"line":41,"column":91}},"25":{"start":{"line":41,"column":67},"end":{"line":41,"column":89}},"26":{"start":{"line":42,"column":8},"end":{"line":70,"column":9}},"27":{"start":{"line":43,"column":12},"end":{"line":64,"column":13}},"28":{"start":{"line":46,"column":33},"end":{"line":46,"column":34}},"29":{"start":{"line":47,"column":16},"end":{"line":51,"column":17}},"30":{"start":{"line":47,"column":28},"end":{"line":47,"column":29}},"31":{"start":{"line":48,"column":20},"end":{"line":50,"column":21}},"32":{"start":{"line":49,"column":24},"end":{"line":49,"column":60}},"33":{"start":{"line":52,"column":16},"end":{"line":52,"column":48}},"34":{"start":{"line":53,"column":16},"end":{"line":53,"column":59}},"35":{"start":{"line":54,"column":16},"end":{"line":54,"column":60}},"36":{"start":{"line":55,"column":16},"end":{"line":55,"column":41}},"37":{"start":{"line":56,"column":16},"end":{"line":56,"column":35}},"38":{"start":{"line":58,"column":27},"end":{"line":58,"column":34}},"39":{"start":{"line":59,"column":16},"end":{"line":59,"column":35}},"40":{"start":{"line":62,"column":16},"end":{"line":62,"column":47}},"41":{"start":{"line":63,"column":16},"end":{"line":63,"column":35}},"42":{"start":{"line":67,"column":12},"end":{"line":67,"column":55}},"43":{"start":{"line":68,"column":12},"end":{"line":68,"column":27}},"44":{"start":{"line":69,"column":12},"end":{"line":69,"column":31}},"45":{"start":{"line":73,"column":28},"end":{"line":89,"column":5}},"46":{"start":{"line":75,"column":32},"end":{"line":78,"column":9}},"47":{"start":{"line":79,"column":33},"end":{"line":79,"column":73}},"48":{"start":{"line":80,"column":8},"end":{"line":80,"column":48}},"49":{"start":{"line":83,"column":24},"end":{"line":83,"column":47}},"50":{"start":{"line":84,"column":8},"end":{"line":84,"column":40}},"51":{"start":{"line":87,"column":19},"end":{"line":87,"column":26}},"52":{"start":{"line":88,"column":8},"end":{"line":88,"column":27}},"53":{"start":{"line":91,"column":4},"end":{"line":108,"column":5}}},"fnMap":{"0":{"name":"(anonymous_0)","decl":{"start":{"line":7,"column":14},"end":{"line":7,"column":15}},"loc":{"start":{"line":7,"column":25},"end":{"line":109,"column":1}},"line":7},"1":{"name":"(anonymous_1)","decl":{"start":{"line":11,"column":14},"end":{"line":11,"column":15}},"loc":{"start":{"line":11,"column":20},"end":{"line":18,"column":5}},"line":11},"2":{"name":"(anonymous_2)","decl":{"start":{"line":12,"column":36},"end":{"line":12,"column":37}},"loc":{"start":{"line":12,"column":48},"end":{"line":16,"column":9}},"line":12},"3":{"name":"(anonymous_3)","decl":{"start":{"line":19,"column":35},"end":{"line":19,"column":36}},"loc":{"start":{"line":19,"column":46},"end":{"line":23,"column":5}},"line":19},"4":{"name":"(anonymous_4)","decl":{"start":{"line":30,"column":32},"end":{"line":30,"column":33}},"loc":{"start":{"line":30,"column":39},"end":{"line":32,"column":5}},"line":30},"5":{"name":"(anonymous_5)","decl":{"start":{"line":33,"column":36},"end":{"line":33,"column":37}},"loc":{"start":{"line":33,"column":43},"end":{"line":35,"column":5}},"line":33},"6":{"name":"(anonymous_6)","decl":{"start":{"line":36,"column":25},"end":{"line":36,"column":26}},"loc":{"start":{"line":36,"column":31},"end":{"line":71,"column":5}},"line":36},"7":{"name":"(anonymous_7)","decl":{"start":{"line":40,"column":53},"end":{"line":40,"column":54}},"loc":{"start":{"line":40,"column":64},"end":{"line":40,"column":77}},"line":40},"8":{"name":"(anonymous_8)","decl":{"start":{"line":41,"column":56},"end":{"line":41,"column":57}},"loc":{"start":{"line":41,"column":67},"end":{"line":41,"column":89}},"line":41},"9":{"name":"(anonymous_9)","decl":{"start":{"line":73,"column":28},"end":{"line":73,"column":29}},"loc":{"start":{"line":73,"column":34},"end":{"line":89,"column":5}},"line":73}},"branchMap":{"0":{"loc":{"start":{"line":42,"column":8},"end":{"line":70,"column":9}},"type":"if","locations":[{"start":{"line":42,"column":8},"end":{"line":70,"column":9}},{"start":{"line":42,"column":8},"end":{"line":70,"column":9}}],"line":42},"1":{"loc":{"start":{"line":43,"column":12},"end":{"line":64,"column":13}},"type":"if","locations":[{"start":{"line":43,"column":12},"end":{"line":64,"column":13}},{"start":{"line":43,"column":12},"end":{"line":64,"column":13}}],"line":43},"2":{"loc":{"start":{"line":48,"column":20},"end":{"line":50,"column":21}},"type":"if","locations":[{"start":{"line":48,"column":20},"end":{"line":50,"column":21}},{"start":{"line":48,"column":20},"end":{"line":50,"column":21}}],"line":48}},"s":{"0":1,"1":14,"2":14,"3":14,"4":0,"5":0,"6":0,"7":0,"8":14,"9":0,"10":0,"11":0,"12":14,"13":14,"14":14,"15":14,"16":2,"17":14,"18":2,"19":14,"20":3,"21":3,"22":3,"23":0,"24":3,"25":0,"26":3,"27":0,"28":0,"29":0,"30":0,"31":0,"32":0,"33":0,"34":0,"35":0,"36":0,"37":0,"38":0,"39":0,"40":0,"41":0,"42":3,"43":3,"44":3,"45":14,"46":0,"47":0,"48":0,"49":0,"50":0,"51":0,"52":0,"53":14},"f":{"0":14,"1":0,"2":0,"3":0,"4":2,"5":2,"6":3,"7":0,"8":0,"9":0},"b":{"0":[0,3],"1":[0,0],"2":[0,0]},"_coverageSchema":"1a1c01bbd47fc00a2c39e90264f33305004495a9","hash":"26ab35f30a8e9ef5064c7c206f550750dc84947f"}
,"/Users/mikey/social-app/src/pages/profile/Profile.js": {"path":"/Users/mikey/social-app/src/pages/profile/Profile.js","statementMap":{"0":{"start":{"line":11,"column":16},"end":{"line":212,"column":1}},"1":{"start":{"line":13,"column":48},"end":{"line":13,"column":60}},"2":{"start":{"line":14,"column":50},"end":{"line":14,"column":62}},"3":{"start":{"line":15,"column":44},"end":{"line":15,"column":56}},"4":{"start":{"line":16,"column":54},"end":{"line":16,"column":66}},"5":{"start":{"line":17,"column":68},"end":{"line":17,"column":80}},"6":{"start":{"line":18,"column":38},"end":{"line":18,"column":50}},"7":{"start":{"line":19,"column":44},"end":{"line":19,"column":116}},"8":{"start":{"line":21,"column":30},"end":{"line":24,"column":5}},"9":{"start":{"line":22,"column":8},"end":{"line":22,"column":41}},"10":{"start":{"line":26,"column":31},"end":{"line":28,"column":5}},"11":{"start":{"line":27,"column":8},"end":{"line":27,"column":50}},"12":{"start":{"line":30,"column":28},"end":{"line":32,"column":5}},"13":{"start":{"line":31,"column":8},"end":{"line":31,"column":47}},"14":{"start":{"line":34,"column":33},"end":{"line":36,"column":5}},"15":{"start":{"line":35,"column":8},"end":{"line":35,"column":52}},"16":{"start":{"line":38,"column":40},"end":{"line":40,"column":5}},"17":{"start":{"line":39,"column":8},"end":{"line":39,"column":59}},"18":{"start":{"line":42,"column":25},"end":{"line":148,"column":5}},"19":{"start":{"line":44,"column":26},"end":{"line":44,"column":28}},"20":{"start":{"line":45,"column":31},"end":{"line":45,"column":33}},"21":{"start":{"line":46,"column":31},"end":{"line":46,"column":36}},"22":{"start":{"line":47,"column":24},"end":{"line":47,"column":28}},"23":{"start":{"line":48,"column":8},"end":{"line":59,"column":9}},"24":{"start":{"line":49,"column":28},"end":{"line":49,"column":78}},"25":{"start":{"line":50,"column":16},"end":{"line":58,"column":17}},"26":{"start":{"line":51,"column":20},"end":{"line":51,"column":74}},"27":{"start":{"line":52,"column":20},"end":{"line":52,"column":42}},"28":{"start":{"line":53,"column":20},"end":{"line":53,"column":38}},"29":{"start":{"line":56,"column":20},"end":{"line":56,"column":86}},"30":{"start":{"line":60,"column":8},"end":{"line":71,"column":9}},"31":{"start":{"line":61,"column":28},"end":{"line":61,"column":58}},"32":{"start":{"line":62,"column":16},"end":{"line":70,"column":17}},"33":{"start":{"line":63,"column":20},"end":{"line":63,"column":73}},"34":{"start":{"line":64,"column":20},"end":{"line":64,"column":43}},"35":{"start":{"line":65,"column":20},"end":{"line":65,"column":38}},"36":{"start":{"line":68,"column":20},"end":{"line":68,"column":88}},"37":{"start":{"line":72,"column":8},"end":{"line":83,"column":9}},"38":{"start":{"line":73,"column":26},"end":{"line":73,"column":52}},"39":{"start":{"line":74,"column":16},"end":{"line":82,"column":17}},"40":{"start":{"line":75,"column":20},"end":{"line":75,"column":69}},"41":{"start":{"line":76,"column":20},"end":{"line":76,"column":40}},"42":{"start":{"line":77,"column":20},"end":{"line":77,"column":38}},"43":{"start":{"line":80,"column":20},"end":{"line":80,"column":87}},"44":{"start":{"line":84,"column":8},"end":{"line":94,"column":9}},"45":{"start":{"line":85,"column":31},"end":{"line":85,"column":43}},"46":{"start":{"line":86,"column":16},"end":{"line":93,"column":17}},"47":{"start":{"line":87,"column":20},"end":{"line":87,"column":69}},"48":{"start":{"line":88,"column":20},"end":{"line":88,"column":45}},"49":{"start":{"line":89,"column":20},"end":{"line":89,"column":38}},"50":{"start":{"line":92,"column":20},"end":{"line":92,"column":43}},"51":{"start":{"line":95,"column":8},"end":{"line":106,"column":9}},"52":{"start":{"line":96,"column":16},"end":{"line":105,"column":17}},"53":{"start":{"line":97,"column":20},"end":{"line":97,"column":78}},"54":{"start":{"line":98,"column":20},"end":{"line":98,"column":51}},"55":{"start":{"line":99,"column":20},"end":{"line":99,"column":44}},"56":{"start":{"line":100,"column":20},"end":{"line":100,"column":38}},"57":{"start":{"line":103,"column":20},"end":{"line":103,"column":99}},"58":{"start":{"line":109,"column":8},"end":{"line":145,"column":9}},"59":{"start":{"line":110,"column":12},"end":{"line":110,"column":57}},"60":{"start":{"line":112,"column":32},"end":{"line":112,"column":34}},"61":{"start":{"line":113,"column":12},"end":{"line":114,"column":51}},"62":{"start":{"line":113,"column":38},"end":{"line":113,"column":72}},"63":{"start":{"line":114,"column":17},"end":{"line":114,"column":50}},"64":{"start":{"line":116,"column":12},"end":{"line":117,"column":52}},"65":{"start":{"line":116,"column":39},"end":{"line":116,"column":73}},"66":{"start":{"line":117,"column":17},"end":{"line":117,"column":51}},"67":{"start":{"line":119,"column":12},"end":{"line":120,"column":49}},"68":{"start":{"line":119,"column":36},"end":{"line":119,"column":70}},"69":{"start":{"line":120,"column":17},"end":{"line":120,"column":48}},"70":{"start":{"line":122,"column":12},"end":{"line":123,"column":54}},"71":{"start":{"line":122,"column":41},"end":{"line":122,"column":75}},"72":{"start":{"line":123,"column":17},"end":{"line":123,"column":53}},"73":{"start":{"line":125,"column":12},"end":{"line":126,"column":61}},"74":{"start":{"line":125,"column":48},"end":{"line":125,"column":82}},"75":{"start":{"line":126,"column":17},"end":{"line":126,"column":60}},"76":{"start":{"line":128,"column":12},"end":{"line":128,"column":42}},"77":{"start":{"line":129,"column":12},"end":{"line":129,"column":33}},"78":{"start":{"line":130,"column":12},"end":{"line":130,"column":34}},"79":{"start":{"line":131,"column":12},"end":{"line":131,"column":31}},"80":{"start":{"line":132,"column":12},"end":{"line":132,"column":36}},"81":{"start":{"line":133,"column":12},"end":{"line":133,"column":43}},"82":{"start":{"line":134,"column":12},"end":{"line":134,"column":42}},"83":{"start":{"line":138,"column":12},"end":{"line":138,"column":33}},"84":{"start":{"line":139,"column":12},"end":{"line":139,"column":34}},"85":{"start":{"line":140,"column":12},"end":{"line":140,"column":31}},"86":{"start":{"line":141,"column":12},"end":{"line":141,"column":36}},"87":{"start":{"line":142,"column":12},"end":{"line":142,"column":43}},"88":{"start":{"line":143,"column":12},"end":{"line":143,"column":41}},"89":{"start":{"line":144,"column":12},"end":{"line":144,"column":37}},"90":{"start":{"line":150,"column":4},"end":{"line":211,"column":5}}},"fnMap":{"0":{"name":"(anonymous_0)","decl":{"start":{"line":11,"column":16},"end":{"line":11,"column":17}},"loc":{"start":{"line":11,"column":27},"end":{"line":212,"column":1}},"line":11},"1":{"name":"(anonymous_1)","decl":{"start":{"line":21,"column":30},"end":{"line":21,"column":31}},"loc":{"start":{"line":21,"column":37},"end":{"line":24,"column":5}},"line":21},"2":{"name":"(anonymous_2)","decl":{"start":{"line":26,"column":31},"end":{"line":26,"column":32}},"loc":{"start":{"line":26,"column":38},"end":{"line":28,"column":5}},"line":26},"3":{"name":"(anonymous_3)","decl":{"start":{"line":30,"column":28},"end":{"line":30,"column":29}},"loc":{"start":{"line":30,"column":35},"end":{"line":32,"column":5}},"line":30},"4":{"name":"(anonymous_4)","decl":{"start":{"line":34,"column":33},"end":{"line":34,"column":34}},"loc":{"start":{"line":34,"column":40},"end":{"line":36,"column":5}},"line":34},"5":{"name":"(anonymous_5)","decl":{"start":{"line":38,"column":40},"end":{"line":38,"column":41}},"loc":{"start":{"line":38,"column":47},"end":{"line":40,"column":5}},"line":38},"6":{"name":"(anonymous_6)","decl":{"start":{"line":42,"column":25},"end":{"line":42,"column":26}},"loc":{"start":{"line":42,"column":32},"end":{"line":148,"column":5}},"line":42}},"branchMap":{"0":{"loc":{"start":{"line":48,"column":8},"end":{"line":59,"column":9}},"type":"if","locations":[{"start":{"line":48,"column":8},"end":{"line":59,"column":9}},{"start":{"line":48,"column":8},"end":{"line":59,"column":9}}],"line":48},"1":{"loc":{"start":{"line":50,"column":16},"end":{"line":58,"column":17}},"type":"if","locations":[{"start":{"line":50,"column":16},"end":{"line":58,"column":17}},{"start":{"line":50,"column":16},"end":{"line":58,"column":17}}],"line":50},"2":{"loc":{"start":{"line":60,"column":8},"end":{"line":71,"column":9}},"type":"if","locations":[{"start":{"line":60,"column":8},"end":{"line":71,"column":9}},{"start":{"line":60,"column":8},"end":{"line":71,"column":9}}],"line":60},"3":{"loc":{"start":{"line":62,"column":16},"end":{"line":70,"column":17}},"type":"if","locations":[{"start":{"line":62,"column":16},"end":{"line":70,"column":17}},{"start":{"line":62,"column":16},"end":{"line":70,"column":17}}],"line":62},"4":{"loc":{"start":{"line":62,"column":19},"end":{"line":62,"column":78}},"type":"binary-expr","locations":[{"start":{"line":62,"column":19},"end":{"line":62,"column":34}},{"start":{"line":62,"column":38},"end":{"line":62,"column":78}}],"line":62},"5":{"loc":{"start":{"line":72,"column":8},"end":{"line":83,"column":9}},"type":"if","locations":[{"start":{"line":72,"column":8},"end":{"line":83,"column":9}},{"start":{"line":72,"column":8},"end":{"line":83,"column":9}}],"line":72},"6":{"loc":{"start":{"line":74,"column":16},"end":{"line":82,"column":17}},"type":"if","locations":[{"start":{"line":74,"column":16},"end":{"line":82,"column":17}},{"start":{"line":74,"column":16},"end":{"line":82,"column":17}}],"line":74},"7":{"loc":{"start":{"line":74,"column":19},"end":{"line":74,"column":70}},"type":"binary-expr","locations":[{"start":{"line":74,"column":19},"end":{"line":74,"column":31}},{"start":{"line":74,"column":35},"end":{"line":74,"column":70}}],"line":74},"8":{"loc":{"start":{"line":84,"column":8},"end":{"line":94,"column":9}},"type":"if","locations":[{"start":{"line":84,"column":8},"end":{"line":94,"column":9}},{"start":{"line":84,"column":8},"end":{"line":94,"column":9}}],"line":84},"9":{"loc":{"start":{"line":86,"column":16},"end":{"line":93,"column":17}},"type":"if","locations":[{"start":{"line":86,"column":16},"end":{"line":93,"column":17}},{"start":{"line":86,"column":16},"end":{"line":93,"column":17}}],"line":86},"10":{"loc":{"start":{"line":86,"column":19},"end":{"line":86,"column":85}},"type":"binary-expr","locations":[{"start":{"line":86,"column":19},"end":{"line":86,"column":36}},{"start":{"line":86,"column":40},"end":{"line":86,"column":85}}],"line":86},"11":{"loc":{"start":{"line":95,"column":8},"end":{"line":106,"column":9}},"type":"if","locations":[{"start":{"line":95,"column":8},"end":{"line":106,"column":9}},{"start":{"line":95,"column":8},"end":{"line":106,"column":9}}],"line":95},"12":{"loc":{"start":{"line":96,"column":16},"end":{"line":105,"column":17}},"type":"if","locations":[{"start":{"line":96,"column":16},"end":{"line":105,"column":17}},{"start":{"line":96,"column":16},"end":{"line":105,"column":17}}],"line":96},"13":{"loc":{"start":{"line":96,"column":19},"end":{"line":96,"column":93}},"type":"binary-expr","locations":[{"start":{"line":96,"column":19},"end":{"line":96,"column":43}},{"start":{"line":96,"column":47},"end":{"line":96,"column":93}}],"line":96},"14":{"loc":{"start":{"line":109,"column":8},"end":{"line":145,"column":9}},"type":"if","locations":[{"start":{"line":109,"column":8},"end":{"line":145,"column":9}},{"start":{"line":109,"column":8},"end":{"line":145,"column":9}}],"line":109},"15":{"loc":{"start":{"line":113,"column":12},"end":{"line":114,"column":51}},"type":"if","locations":[{"start":{"line":113,"column":12},"end":{"line":114,"column":51}},{"start":{"line":113,"column":12},"end":{"line":114,"column":51}}],"line":113},"16":{"loc":{"start":{"line":116,"column":12},"end":{"line":117,"column":52}},"type":"if","locations":[{"start":{"line":116,"column":12},"end":{"line":117,"column":52}},{"start":{"line":116,"column":12},"end":{"line":117,"column":52}}],"line":116},"17":{"loc":{"start":{"line":119,"column":12},"end":{"line":120,"column":49}},"type":"if","locations":[{"start":{"line":119,"column":12},"end":{"line":120,"column":49}},{"start":{"line":119,"column":12},"end":{"line":120,"column":49}}],"line":119},"18":{"loc":{"start":{"line":122,"column":12},"end":{"line":123,"column":54}},"type":"if","locations":[{"start":{"line":122,"column":12},"end":{"line":123,"column":54}},{"start":{"line":122,"column":12},"end":{"line":123,"column":54}}],"line":122},"19":{"loc":{"start":{"line":125,"column":12},"end":{"line":126,"column":61}},"type":"if","locations":[{"start":{"line":125,"column":12},"end":{"line":126,"column":61}},{"start":{"line":125,"column":12},"end":{"line":126,"column":61}}],"line":125}},"s":{"0":0,"1":0,"2":0,"3":0,"4":0,"5":0,"6":0,"7":0,"8":0,"9":0,"10":0,"11":0,"12":0,"13":0,"14":0,"15":0,"16":0,"17":0,"18":0,"19":0,"20":0,"21":0,"22":0,"23":0,"24":0,"25":0,"26":0,"27":0,"28":0,"29":0,"30":0,"31":0,"32":0,"33":0,"34":0,"35":0,"36":0,"37":0,"38":0,"39":0,"40":0,"41":0,"42":0,"43":0,"44":0,"45":0,"46":0,"47":0,"48":0,"49":0,"50":0,"51":0,"52":0,"53":0,"54":0,"55":0,"56":0,"57":0,"58":0,"59":0,"60":0,"61":0,"62":0,"63":0,"64":0,"65":0,"66":0,"67":0,"68":0,"69":0,"70":0,"71":0,"72":0,"73":0,"74":0,"75":0,"76":0,"77":0,"78":0,"79":0,"80":0,"81":0,"82":0,"83":0,"84":0,"85":0,"86":0,"87":0,"88":0,"89":0,"90":0},"f":{"0":0,"1":0,"2":0,"3":0,"4":0,"5":0,"6":0},"b":{"0":[0,0],"1":[0,0],"2":[0,0],"3":[0,0],"4":[0,0],"5":[0,0],"6":[0,0],"7":[0,0],"8":[0,0],"9":[0,0],"10":[0,0],"11":[0,0],"12":[0,0],"13":[0,0],"14":[0,0],"15":[0,0],"16":[0,0],"17":[0,0],"18":[0,0],"19":[0,0]}}
}
